[02:41:47] INFO: Session started, sess_id=314, mode=plan, model=kimi-k2.5:cloud
[02:41:47] Choose persona START...: 
[02:41:47] Choose available number (x to cancel): 
[02:42:01] Set system message ( CTRL+x ENTER to Finish. ): 
[02:42:04] Choose history START...: 
[02:42:04] Choose available number (x to cancel): 
[02:42:07] Choose available number (x to cancel): 
[02:42:10] Canceling...
[02:42:10] Tool training — warming up model on available tools...
[02:42:10] [Context: 169/131072 (0.1%)]
[02:42:10] [iter 1] [Context: 169/131072 (0.1%)]
[02:42:10] INFO: AI request (iteration 1, msgs=2)
[02:42:19] 
[Aborted: 'WriteFile' cannot be used in PLAN mode]
[02:42:19] Stream aborted: 'WriteFile' cannot be used in PLAN mode
[02:42:19] INFO: AI response: 0 prompt + 0 response tokens (total: 0 / 0)
[02:42:19] [after +0] [Context: 2201/131072 (1.7%)]
[02:42:19] You: 
[02:42:28] You: 
[02:42:32] You: 
[02:45:34] [Context: 2273/131072 (1.7%)]
[02:45:34] [iter 1] [Context: 2273/131072 (1.7%)]
[02:45:34] INFO: AI request (iteration 1, msgs=4)
[02:45:35] INFO: AI response: 903 prompt + 133 response tokens (total: 903 / 133)
[02:45:35] ✓ ReadFile: Error: Missing required parameter(s): fileName
Usage:
<ReadFile>
<fileName>string</fileName>
<max_chars>string</max_chars>
</ReadFile>
[02:45:35] Tool `ReadFile` failed 2 times with missing parameter(s): fileName. Correct format:

Usage:
<ReadFile>
<fileName>string</fileName>
<max_chars>string</max_chars>
</ReadFile>
[02:45:35] ✓ ReadFile: Error: Missing required parameter(s): fileName
Usage:
<ReadFile>
<fileName>string</fileName>
<max_chars>string</max_chars>
</ReadFile>
[02:45:35] [after +133] [Context: 2466/131072 (1.9%)]
[02:45:35] [iter 2] [Context: 2466/131072 (1.9%)]
[02:45:35] INFO: AI request (iteration 2, msgs=8)
[02:45:37] INFO: AI response: 1104 prompt + 95 response tokens (total: 2007 / 228)
[02:45:37] [after +95] [Context: 4665/131072 (3.6%)]
[02:45:37] [iter 3] [Context: 4665/131072 (3.6%)]
[02:45:37] INFO: AI request (iteration 3, msgs=11)
[02:45:42] INFO: AI response: 4100 prompt + 731 response tokens (total: 6107 / 959)
[02:45:42] [after +731] [Context: 5360/131072 (4.1%)]
[02:45:42] Model tried to use 'WriteFile' in PLAN mode.
[02:45:42]   1. Switch to BUILD mode (allow the tool)
[02:45:42]   2. Stay in PLAN mode (block the tool, continue planning)
[02:45:42]   3. Cancel AI (return to user prompt)
[02:45:42]   4. Continue (dismiss, let the model proceed)
[02:45:42] Choice (1-4): 
[02:46:07] You: 
[02:50:57] [Context: 5451/131072 (4.2%)]
[02:50:57] [iter 1] [Context: 5451/131072 (4.2%)]
[02:50:57] INFO: AI request (iteration 1, msgs=14)
[02:51:10] INFO: AI response: 4640 prompt + 1736 response tokens (total: 10747 / 2695)
[02:51:10] [after +1736] [Context: 7189/131072 (5.5%)]
[02:51:10] You: 
[02:51:18] You: 
[02:51:38] [Context: 7218/131072 (5.5%)]
[02:51:38] [iter 1] [Context: 7218/131072 (5.5%)]
[02:51:38] INFO: AI request (iteration 1, msgs=16)
[02:51:39] INFO: AI response: 5941 prompt + 51 response tokens (total: 16688 / 2746)
[02:51:39] ✓ GetTip: Error: Missing required parameter(s): title
Usage:
<GetTip>
<title>string</title>
</GetTip>
[02:51:39] [after +51] [Context: 7265/131072 (5.5%)]
[02:51:39] [iter 2] [Context: 7265/131072 (5.5%)]
[02:51:39] INFO: AI request (iteration 2, msgs=18)
[02:51:40] INFO: AI response: 5988 prompt + 51 response tokens (total: 22676 / 2797)
[02:51:40] [after +51] [Context: 12060/131072 (9.2%)]
[02:51:40] [iter 3] [Context: 12060/131072 (9.2%)]
[02:51:40] INFO: AI request (iteration 3, msgs=20)
[02:51:42] INFO: AI response: 10968 prompt + 126 response tokens (total: 33644 / 2923)
[02:51:42] [after +126] [Context: 12189/131072 (9.3%)]
[02:51:42] [iter 4] [Context: 12189/131072 (9.3%)]
[02:51:42] INFO: AI request (iteration 4, msgs=22)
[02:51:44] INFO: AI response: 11084 prompt + 92 response tokens (total: 44728 / 3015)
[02:51:44] [after +92] [Context: 12313/131072 (9.4%)]
[02:51:44] [iter 5] [Context: 12313/131072 (9.4%)]
[02:51:44] INFO: AI request (iteration 5, msgs=24)
[02:51:46] INFO: AI response: 11200 prompt + 96 response tokens (total: 55928 / 3111)
[02:51:46] [after +96] [Context: 12433/131072 (9.5%)]
[02:51:46] You: 
[02:52:01] [Context: 12443/131072 (9.5%)]
[02:52:01] [iter 1] [Context: 12443/131072 (9.5%)]
[02:52:01] INFO: AI request (iteration 1, msgs=26)
[02:52:03] INFO: AI response: 11212 prompt + 122 response tokens (total: 67140 / 3233)
[02:52:03] [after +122] [Context: 12571/131072 (9.6%)]
[02:52:03] [iter 2] [Context: 12571/131072 (9.6%)]
[02:52:03] INFO: AI request (iteration 2, msgs=28)
[02:52:04] INFO: AI response: 11337 prompt + 106 response tokens (total: 78477 / 3339)
[02:52:04] [after +106] [Context: 12697/131072 (9.7%)]
[02:52:04] [iter 3] [Context: 12697/131072 (9.7%)]
[02:52:04] INFO: AI request (iteration 3, msgs=30)
[02:52:06] INFO: AI response: 11452 prompt + 100 response tokens (total: 89929 / 3439)
[02:52:06] [after +100] [Context: 12830/131072 (9.8%)]
[02:52:06] [iter 4] [Context: 12830/131072 (9.8%)]
[02:52:06] INFO: AI request (iteration 4, msgs=32)
[02:52:08] INFO: AI response: 11568 prompt + 103 response tokens (total: 101497 / 3542)
[02:52:08] [after +103] [Context: 12965/131072 (9.9%)]
[02:52:08] [iter 5] [Context: 12965/131072 (9.9%)]
[02:52:08] INFO: AI request (iteration 5, msgs=34)
[02:52:10] INFO: AI response: 11690 prompt + 109 response tokens (total: 113187 / 3651)
[02:52:10] [after +109] [Context: 13095/131072 (10.0%)]
[02:52:10] [iter 6] [Context: 13095/131072 (10.0%)]
[02:52:10] INFO: AI request (iteration 6, msgs=36)
[02:52:13] INFO: AI response: 11804 prompt + 130 response tokens (total: 124991 / 3781)
[02:52:13] [after +130] [Context: 13226/131072 (10.1%)]
[02:52:13] [iter 7] [Context: 13226/131072 (10.1%)]
[02:52:13] INFO: AI request (iteration 7, msgs=38)
[02:52:14] INFO: AI response: 11944 prompt + 127 response tokens (total: 136935 / 3908)
[02:52:14] [after +127] [Context: 13366/131072 (10.2%)]
[02:52:14] [iter 8] [Context: 13366/131072 (10.2%)]
[02:52:14] INFO: AI request (iteration 8, msgs=40)
[02:52:16] INFO: AI response: 12084 prompt + 108 response tokens (total: 149019 / 4016)
[02:52:16] [after +108] [Context: 13495/131072 (10.3%)]
[02:52:16] [iter 9] [Context: 13495/131072 (10.3%)]
[02:52:16] INFO: AI request (iteration 9, msgs=42)
[02:52:18] INFO: AI response: 12201 prompt + 88 response tokens (total: 161220 / 4104)
[02:52:18] [after +88] [Context: 13606/131072 (10.4%)]
[02:52:18] [iter 10] [Context: 13606/131072 (10.4%)]
[02:52:18] INFO: AI request (iteration 10, msgs=44)
[02:52:20] INFO: AI response: 12294 prompt + 35 response tokens (total: 173514 / 4139)
[02:52:20] [after +35] [Context: 13764/131072 (10.5%)]
[02:52:20] Plan complete — switched to BUILD mode. Waiting for your instruction.
[02:52:20] You: 
[02:52:30] You: 
[02:52:47] [Context: 13871/131072 (10.6%)]
[02:52:47] [iter 1] [Context: 13871/131072 (10.6%)]
[02:52:47] INFO: AI request (iteration 1, msgs=48)
[02:52:49] INFO: AI response: 12439 prompt + 223 response tokens (total: 185953 / 4362)
[02:52:49] [after +223] [Context: 13975/131072 (10.7%)]
[02:52:49] [iter 2] [Context: 13975/131072 (10.7%)]
[02:52:49] INFO: AI request (iteration 2, msgs=50)
[02:52:54] INFO: AI response: 12594 prompt + 485 response tokens (total: 198547 / 4847)
[02:52:54] [after +485] [Context: 14445/131072 (11.0%)]
[02:52:54] [iter 3] [Context: 14445/131072 (11.0%)]
[02:52:54] INFO: AI request (iteration 3, msgs=52)
[02:52:56] INFO: AI response: 13087 prompt + 177 response tokens (total: 211634 / 5024)
[02:52:56] [after +177] [Context: 14586/131072 (11.1%)]
[02:52:56] [iter 4] [Context: 14647/131072 (11.2%)]
[02:52:56] INFO: AI request (iteration 4, msgs=55)
[02:52:58] INFO: AI response: 13287 prompt + 118 response tokens (total: 224921 / 5142)
[02:52:58] [after +118] [Context: 14723/131072 (11.2%)]
[02:52:58] [iter 5] [Context: 14723/131072 (11.2%)]
[02:52:58] INFO: AI request (iteration 5, msgs=57)
[02:53:01] INFO: AI response: 13386 prompt + 201 response tokens (total: 238307 / 5343)
[02:53:01] [after +201] [Context: 14866/131072 (11.3%)]
[02:53:01] [iter 6] [Context: 14866/131072 (11.3%)]
[02:53:01] INFO: AI request (iteration 6, msgs=59)
[02:53:03] INFO: AI response: 13576 prompt + 191 response tokens (total: 251883 / 5534)
[02:53:03] [after +191] [Context: 15056/131072 (11.5%)]
[02:53:03] [iter 7] [Context: 15056/131072 (11.5%)]
[02:53:03] INFO: AI request (iteration 7, msgs=61)
[02:53:05] INFO: AI response: 13778 prompt + 145 response tokens (total: 265661 / 5679)
[02:53:05] [after +145] [Context: 15199/131072 (11.6%)]
[02:53:05] [iter 8] [Context: 15199/131072 (11.6%)]
[02:53:05] INFO: AI request (iteration 8, msgs=63)
[02:53:07] INFO: AI response: 13922 prompt + 64 response tokens (total: 279583 / 5743)
[02:53:07] [after +64] [Context: 15265/131072 (11.6%)]
[02:53:07] [iter 9] [Context: 15265/131072 (11.6%)]
[02:53:07] INFO: AI request (iteration 9, msgs=65)
[02:53:08] INFO: AI response: 13995 prompt + 131 response tokens (total: 293578 / 5874)
[02:53:08] [after +131] [Context: 15397/131072 (11.7%)]
[02:53:08] [iter 10] [Context: 15397/131072 (11.7%)]
[02:53:08] INFO: AI request (iteration 10, msgs=67)
[02:53:10] INFO: AI response: 14130 prompt + 138 response tokens (total: 307708 / 6012)
[02:53:10] [after +138] [Context: 15536/131072 (11.9%)]
[02:53:10] Auto-continue: AI round 1/50 — task 1/10: Create the complete directory structure: gmd/ package with c...
[02:53:10] [Context: 15607/131072 (11.9%)]
[02:53:10] [iter 1] [Context: 15607/131072 (11.9%)]
[02:53:10] INFO: AI request (iteration 1, msgs=70)
[02:53:12] INFO: AI response: 14330 prompt + 108 response tokens (total: 322038 / 6120)
[02:53:12] [after +108] [Context: 15705/131072 (12.0%)]
[02:53:12] [iter 2] [Context: 15705/131072 (12.0%)]
[02:53:12] INFO: AI request (iteration 2, msgs=72)
[02:53:14] INFO: AI response: 14429 prompt + 94 response tokens (total: 336467 / 6214)
[02:53:14] [after +94] [Context: 15803/131072 (12.1%)]
[02:53:14] [iter 3] [Context: 15803/131072 (12.1%)]
[02:53:14] INFO: AI request (iteration 3, msgs=74)
[02:53:15] INFO: AI response: 14530 prompt + 80 response tokens (total: 350997 / 6294)
[02:53:15] [after +80] [Context: 15886/131072 (12.1%)]
[02:53:15] Auto-continue: AI round 2/50 — task 1/10: Create the complete directory structure: gmd/ package with c...
[02:53:15] [Context: 15957/131072 (12.2%)]
[02:53:15] [iter 1] [Context: 15957/131072 (12.2%)]
[02:53:15] INFO: AI request (iteration 1, msgs=76)
[02:53:18] INFO: AI response: 14597 prompt + 109 response tokens (total: 365594 / 6403)
[02:53:18] [after +109] [Context: 16057/131072 (12.3%)]
[02:53:18] [iter 2] [Context: 16057/131072 (12.3%)]
[02:53:18] INFO: AI request (iteration 2, msgs=78)
[02:53:19] INFO: AI response: 14700 prompt + 60 response tokens (total: 380294 / 6463)
[02:53:19] [after +60] [Context: 16113/131072 (12.3%)]
[02:53:19] [iter 3] [Context: 16113/131072 (12.3%)]
[02:53:19] INFO: AI request (iteration 3, msgs=80)
[02:53:20] INFO: AI response: 14784 prompt + 33 response tokens (total: 395078 / 6496)
[02:53:20] [after +33] [Context: 16254/131072 (12.4%)]
[02:53:20] [iter 4] [Context: 16254/131072 (12.4%)]
[02:53:20] INFO: AI request (iteration 4, msgs=82)
[02:53:24] INFO: AI response: 14968 prompt + 183 response tokens (total: 410046 / 6679)
[02:53:24] [after +183] [Context: 16487/131072 (12.6%)]
[02:53:24] [iter 5] [Context: 16487/131072 (12.6%)]
[02:53:24] INFO: AI request (iteration 5, msgs=84)
[02:53:26] INFO: AI response: 15194 prompt + 30 response tokens (total: 425240 / 6709)
[02:53:26] [after +30] [Context: 16649/131072 (12.7%)]
[02:53:26] [iter 6] [Context: 16649/131072 (12.7%)]
[02:53:26] INFO: AI request (iteration 6, msgs=87)
[02:53:32] INFO: AI response: 15343 prompt + 745 response tokens (total: 440583 / 7454)
[02:53:32] [after +745] [Context: 17427/131072 (13.3%)]
[02:53:32] [iter 7] [Context: 17427/131072 (13.3%)]
[02:53:32] INFO: AI request (iteration 7, msgs=89)
[02:53:37] INFO: AI response: 16088 prompt + 1026 response tokens (total: 456671 / 8480)
[02:53:37] [after +1026] [Context: 18612/131072 (14.2%)]
[02:53:37] [iter 8] [Context: 18612/131072 (14.2%)]
[02:53:37] INFO: AI request (iteration 8, msgs=91)
[02:53:40] INFO: AI response: 17132 prompt + 217 response tokens (total: 473803 / 8697)
[02:53:40] [after +217] [Context: 18815/131072 (14.4%)]
[02:53:40] [iter 9] [Context: 18815/131072 (14.4%)]
[02:53:40] INFO: AI request (iteration 9, msgs=93)
[02:53:42] INFO: AI response: 17359 prompt + 293 response tokens (total: 491162 / 8990)
[02:53:42] [after +293] [Context: 19107/131072 (14.6%)]
[02:53:42] [iter 10] [Context: 19107/131072 (14.6%)]
[02:53:42] INFO: AI request (iteration 10, msgs=95)
[02:53:44] INFO: AI response: 17657 prompt + 109 response tokens (total: 508819 / 9099)
[02:53:44] [after +109] [Context: 19212/131072 (14.7%)]
[02:53:44] Auto-continue: AI round 3/50 — task 2/10: Create gmd/config/schema.py with Pydantic models for config ...
[02:53:44] [Context: 19287/131072 (14.7%)]
[02:53:44] [iter 1] [Context: 19287/131072 (14.7%)]
[02:53:44] INFO: AI request (iteration 1, msgs=98)
[02:53:46] INFO: AI response: 17839 prompt + 150 response tokens (total: 526658 / 9249)
[02:53:46] [after +150] [Context: 19437/131072 (14.8%)]
[02:53:46] [iter 2] [Context: 19437/131072 (14.8%)]
[02:53:46] INFO: AI request (iteration 2, msgs=100)
[02:53:48] INFO: AI response: 17986 prompt + 38 response tokens (total: 544644 / 9287)
[02:53:48] [after +38] [Context: 19480/131072 (14.9%)]
[02:53:48] [iter 3] [Context: 19480/131072 (14.9%)]
[02:53:48] INFO: AI request (iteration 3, msgs=102)
[02:53:50] INFO: AI response: 18039 prompt + 138 response tokens (total: 562683 / 9425)
[02:53:50] [after +138] [Context: 19627/131072 (15.0%)]
[02:53:50] Auto-continue: AI round 4/50 — task 2/10: Create gmd/config/schema.py with Pydantic models for config ...
[02:53:50] [Context: 19702/131072 (15.0%)]
[02:53:50] [iter 1] [Context: 19702/131072 (15.0%)]
[02:53:50] INFO: AI request (iteration 1, msgs=104)
[02:53:51] INFO: AI response: 18112 prompt + 78 response tokens (total: 580795 / 9503)
[02:53:51] [after +78] [Context: 19893/131072 (15.2%)]
[02:53:51] [iter 2] [Context: 19893/131072 (15.2%)]
[02:53:51] INFO: AI request (iteration 2, msgs=106)
[02:53:53] INFO: AI response: 18322 prompt + 67 response tokens (total: 599117 / 9570)
[02:53:53] [after +67] [Context: 20023/131072 (15.3%)]
[02:53:53] [iter 3] [Context: 20023/131072 (15.3%)]
[02:53:53] INFO: AI request (iteration 3, msgs=108)
[02:53:54] INFO: AI response: 18555 prompt + 59 response tokens (total: 617672 / 9629)
[02:53:54] [after +59] [Context: 20122/131072 (15.4%)]
[02:53:54] [iter 4] [Context: 20122/131072 (15.4%)]
[02:53:54] INFO: AI request (iteration 4, msgs=110)
[02:53:56] INFO: AI response: 18664 prompt + 40 response tokens (total: 636336 / 9669)
[02:53:56] [after +40] [Context: 20886/131072 (15.9%)]
[02:53:56] [iter 5] [Context: 20886/131072 (15.9%)]
[02:53:56] INFO: AI request (iteration 5, msgs=112)
[02:53:58] INFO: AI response: 19397 prompt + 54 response tokens (total: 655733 / 9723)
[02:53:58] [after +54] [Context: 22058/131072 (16.8%)]
[02:53:58] [iter 6] [Context: 22058/131072 (16.8%)]
[02:53:58] INFO: AI request (iteration 6, msgs=114)
[02:54:00] INFO: AI response: 20428 prompt + 160 response tokens (total: 676161 / 9883)
[02:54:00] [after +160] [Context: 22363/131072 (17.1%)]
[02:54:00] [iter 7] [Context: 22363/131072 (17.1%)]
[02:54:00] INFO: AI request (iteration 7, msgs=116)
[02:54:02] INFO: AI response: 20716 prompt + 73 response tokens (total: 696877 / 9956)
[02:54:02] [after +73] [Context: 22530/131072 (17.2%)]
[02:54:02] [iter 8] [Context: 22530/131072 (17.2%)]
[02:54:02] INFO: AI request (iteration 8, msgs=119)
[02:54:12] INFO: AI response: 20861 prompt + 1395 response tokens (total: 717738 / 11351)
[02:54:12] [after +1395] [Context: 24066/131072 (18.4%)]
[02:54:12] [iter 9] [Context: 24066/131072 (18.4%)]
[02:54:12] INFO: AI request (iteration 9, msgs=121)
[02:54:22] INFO: AI response: 22210 prompt + 1784 response tokens (total: 739948 / 13135)
[02:54:22] [after +1784] [Context: 25929/131072 (19.8%)]
[02:54:22] [iter 10] [Context: 25929/131072 (19.8%)]
[02:54:22] INFO: AI request (iteration 10, msgs=123)
[02:54:44] INFO: AI response: 23995 prompt + 1400 response tokens (total: 763943 / 14535)
[02:54:44] [after +1400] [Context: 27345/131072 (20.9%)]
[02:54:44] Auto-continue: AI round 5/50 — task 3/10: Create gmd/output/formatter.py as the dispatcher. Create gmd...
[02:54:44] [Context: 27422/131072 (20.9%)]
[02:54:44] [iter 1] [Context: 27422/131072 (20.9%)]
[02:54:44] INFO: AI request (iteration 1, msgs=126)
[02:54:54] INFO: AI response: 25466 prompt + 1462 response tokens (total: 789409 / 15997)
[02:54:54] [after +1462] [Context: 29029/131072 (22.1%)]
[02:54:54] [iter 2] [Context: 29029/131072 (22.1%)]
[02:54:54] INFO: AI request (iteration 2, msgs=128)
[02:54:55] INFO: AI response: 26920 prompt + 38 response tokens (total: 816329 / 16035)
[02:54:55] [after +38] [Context: 29080/131072 (22.2%)]
[02:54:55] [iter 3] [Context: 29080/131072 (22.2%)]
[02:54:55] INFO: AI request (iteration 3, msgs=130)
[02:54:57] INFO: AI response: 26982 prompt + 46 response tokens (total: 843311 / 16081)
[02:54:57] [after +46] [Context: 29185/131072 (22.3%)]
[02:54:57] [iter 4] [Context: 29185/131072 (22.3%)]
[02:54:57] INFO: AI request (iteration 4, msgs=132)
[02:54:59] INFO: AI response: 27091 prompt + 161 response tokens (total: 870402 / 16242)
[02:54:59] [after +161] [Context: 29545/131072 (22.5%)]
[02:54:59] [iter 5] [Context: 29545/131072 (22.5%)]
[02:54:59] INFO: AI request (iteration 5, msgs=134)
[02:55:00] INFO: AI response: 27387 prompt + 28 response tokens (total: 897789 / 16270)
[02:55:00] [after +28] [Context: 29714/131072 (22.7%)]
[02:55:00] [iter 6] [Context: 29714/131072 (22.7%)]
[02:55:00] INFO: AI request (iteration 6, msgs=137)
[02:55:08] INFO: AI response: 27524 prompt + 1594 response tokens (total: 925313 / 17864)
[02:55:08] [after +1594] [Context: 31830/131072 (24.3%)]
[02:55:08] [iter 7] [Context: 31830/131072 (24.3%)]
[02:55:08] INFO: AI request (iteration 7, msgs=139)
[02:55:18] INFO: AI response: 29124 prompt + 1615 response tokens (total: 954437 / 19479)
[02:55:18] [after +1615] [Context: 33948/131072 (25.9%)]
[02:55:18] [iter 8] [Context: 33948/131072 (25.9%)]
[02:55:18] INFO: AI request (iteration 8, msgs=141)
[02:55:33] INFO: AI response: 30726 prompt + 2240 response tokens (total: 985163 / 21719)
[02:55:33] [after +2240] [Context: 36848/131072 (28.1%)]
[02:55:33] [iter 9] [Context: 36848/131072 (28.1%)]
[02:55:33] INFO: AI request (iteration 9, msgs=143)
[02:55:35] INFO: AI response: 32984 prompt + 57 response tokens (total: 1018147 / 21776)
[02:55:35] [after +57] [Context: 38170/131072 (29.1%)]
[02:55:35] [iter 10] [Context: 38170/131072 (29.1%)]
[02:55:35] INFO: AI request (iteration 10, msgs=145)
[02:55:36] INFO: AI response: 34126 prompt + 41 response tokens (total: 1052273 / 21817)
[02:55:36] [after +41] [Context: 38214/131072 (29.2%)]
[02:55:36] Auto-continue: AI round 6/50 — task 4/10: Create gmd/core/scanner.py for recursive directory scanning ...
[02:55:36] [Context: 38292/131072 (29.2%)]
[02:55:36] [iter 1] [Context: 38292/131072 (29.2%)]
[02:55:36] INFO: AI request (iteration 1, msgs=148)
[02:55:39] INFO: AI response: 34240 prompt + 171 response tokens (total: 1086513 / 21988)
[02:55:39] [after +171] [Context: 38641/131072 (29.5%)]
[02:55:39] [iter 2] [Context: 38641/131072 (29.5%)]
[02:55:39] INFO: AI request (iteration 2, msgs=150)
[02:55:41] INFO: AI response: 34536 prompt + 30 response tokens (total: 1121049 / 22018)
[02:55:41] [after +30] [Context: 38826/131072 (29.6%)]
[02:55:41] [iter 3] [Context: 38826/131072 (29.6%)]
[02:55:41] INFO: AI request (iteration 3, msgs=153)
[02:55:55] INFO: AI response: 34689 prompt + 1980 response tokens (total: 1155738 / 23998)
[02:55:55] [after +1980] [Context: 41455/131072 (31.6%)]
[02:55:55] [iter 4] [Context: 41455/131072 (31.6%)]
[02:55:55] INFO: AI request (iteration 4, msgs=155)
[02:56:07] INFO: AI response: 36684 prompt + 1949 response tokens (total: 1192422 / 25947)
[02:56:07] [after +1949] [Context: 44000/131072 (33.6%)]
[02:56:07] [iter 5] [Context: 44000/131072 (33.6%)]
[02:56:07] INFO: AI request (iteration 5, msgs=157)
[02:56:09] INFO: AI response: 38624 prompt + 48 response tokens (total: 1231046 / 25995)
[02:56:09] [after +48] [Context: 44044/131072 (33.6%)]
[02:56:09] [iter 6] [Context: 44044/131072 (33.6%)]
[02:56:09] INFO: AI request (iteration 6, msgs=159)
[02:56:11] INFO: AI response: 38677 prompt + 33 response tokens (total: 1269723 / 26028)
[02:56:11] [after +33] [Context: 44246/131072 (33.8%)]
[02:56:11] [iter 7] [Context: 44246/131072 (33.8%)]
[02:56:11] INFO: AI request (iteration 7, msgs=161)
[02:56:13] INFO: AI response: 38945 prompt + 55 response tokens (total: 1308668 / 26083)
[02:56:13] [after +55] [Context: 44383/131072 (33.9%)]
[02:56:13] [iter 8] [Context: 44383/131072 (33.9%)]
[02:56:13] INFO: AI request (iteration 8, msgs=163)
[02:56:15] INFO: AI response: 39209 prompt + 227 response tokens (total: 1347877 / 26310)
[02:56:15] [after +227] [Context: 44602/131072 (34.0%)]
[02:56:15] [iter 9] [Context: 44602/131072 (34.0%)]
[02:56:15] INFO: AI request (iteration 9, msgs=165)
[02:56:18] INFO: AI response: 39425 prompt + 153 response tokens (total: 1387302 / 26463)
[02:56:18] [after +153] [Context: 44918/131072 (34.3%)]
[02:56:18] [iter 10] [Context: 44918/131072 (34.3%)]
[02:56:18] INFO: AI request (iteration 10, msgs=167)
[02:56:20] INFO: AI response: 39703 prompt + 24 response tokens (total: 1427005 / 26487)
[02:56:20] [after +24] [Context: 45086/131072 (34.4%)]
[02:56:20] Auto-continue: AI round 7/50 — task 6/10: Create gmd/utils/interactive.py for file-by-file approval wi...
[02:56:20] [Context: 45164/131072 (34.5%)]
[02:56:20] [iter 1] [Context: 45164/131072 (34.5%)]
[02:56:20] INFO: AI request (iteration 1, msgs=171)
[02:56:31] INFO: AI response: 39901 prompt + 1721 response tokens (total: 1466906 / 28208)
[02:56:31] [after +1721] [Context: 47247/131072 (36.0%)]
[02:56:31] [iter 2] [Context: 47247/131072 (36.0%)]
[02:56:31] INFO: AI request (iteration 2, msgs=173)
[02:56:42] INFO: AI response: 41581 prompt + 1306 response tokens (total: 1508487 / 29514)
[02:56:42] [after +1306] [Context: 48781/131072 (37.2%)]
[02:56:42] [iter 3] [Context: 48781/131072 (37.2%)]
[02:56:42] INFO: AI request (iteration 3, msgs=175)
[02:56:51] INFO: AI response: 42880 prompt + 1422 response tokens (total: 1551367 / 30936)
[02:56:51] [after +1422] [Context: 50247/131072 (38.3%)]
[02:56:51] [iter 4] [Context: 50247/131072 (38.3%)]
[02:56:51] INFO: AI request (iteration 4, msgs=177)
[02:56:55] INFO: AI response: 44303 prompt + 304 response tokens (total: 1595670 / 31240)
[02:56:55] [after +304] [Context: 50552/131072 (38.6%)]
[02:56:55] [iter 5] [Context: 50552/131072 (38.6%)]
[02:56:55] INFO: AI request (iteration 5, msgs=179)
[02:56:57] INFO: AI response: 44599 prompt + 48 response tokens (total: 1640269 / 31288)
[02:56:57] [after +48] [Context: 50600/131072 (38.6%)]
[02:56:57] [iter 6] [Context: 50600/131072 (38.6%)]
[02:56:57] INFO: AI request (iteration 6, msgs=181)
[02:56:59] INFO: AI response: 44656 prompt + 183 response tokens (total: 1684925 / 31471)
[02:56:59] [after +183] [Context: 50955/131072 (38.9%)]
[02:56:59] [iter 7] [Context: 50955/131072 (38.9%)]
[02:56:59] INFO: AI request (iteration 7, msgs=183)
[02:57:02] INFO: AI response: 44992 prompt + 43 response tokens (total: 1729917 / 31514)
[02:57:02] [after +43] [Context: 51137/131072 (39.0%)]
[02:57:02] [iter 8] [Context: 51137/131072 (39.0%)]
[02:57:02] INFO: AI request (iteration 8, msgs=186)
[02:57:23] INFO: AI response: 45177 prompt + 2960 response tokens (total: 1775094 / 34474)
[02:57:23] [after +2960] [Context: 54453/131072 (41.5%)]
[02:57:23] [iter 9] [Context: 54453/131072 (41.5%)]
[02:57:23] INFO: AI request (iteration 9, msgs=188)
[02:57:25] INFO: AI response: 48059 prompt + 160 response tokens (total: 1823153 / 34634)
[02:57:25] [after +160] [Context: 54742/131072 (41.8%)]
[02:57:25] [iter 10] [Context: 54742/131072 (41.8%)]
[02:57:25] INFO: AI request (iteration 10, msgs=190)
[02:57:28] INFO: AI response: 48363 prompt + 62 response tokens (total: 1871516 / 34696)
[02:57:28] [after +62] [Context: 56067/131072 (42.8%)]
[02:57:28] Auto-continue: AI round 8/50 — task 7/10: Create gmd/cli/merge.py with complete CLI using click or arg...
[02:57:28] [Context: 56152/131072 (42.8%)]
[02:57:28] [iter 1] [Context: 56152/131072 (42.8%)]
[02:57:28] INFO: AI request (iteration 1, msgs=193)
[02:57:30] INFO: AI response: 49727 prompt + 182 response tokens (total: 1921243 / 34878)
[02:57:30] [after +182] [Context: 56336/131072 (43.0%)]
[02:57:30] [iter 2] [Context: 56336/131072 (43.0%)]
[02:57:30] INFO: AI request (iteration 2, msgs=195)
[02:57:32] INFO: AI response: 49927 prompt + 52 response tokens (total: 1971170 / 34930)
[02:57:32] [after +52] [Context: 56436/131072 (43.1%)]
[02:57:32] [iter 3] [Context: 56436/131072 (43.1%)]
[02:57:32] INFO: AI request (iteration 3, msgs=197)
[02:57:34] INFO: AI response: 50042 prompt + 46 response tokens (total: 2021212 / 34976)
[02:57:34] [after +46] [Context: 56475/131072 (43.1%)]
[02:57:34] [iter 4] [Context: 56475/131072 (43.1%)]
[02:57:34] INFO: AI request (iteration 4, msgs=199)
[02:57:38] INFO: AI response: 50091 prompt + 75 response tokens (total: 2071303 / 35051)
[02:57:38] [after +75] [Context: 57800/131072 (44.1%)]
[02:57:38] [iter 5] [Context: 57800/131072 (44.1%)]
[02:57:38] INFO: AI request (iteration 5, msgs=201)
[02:57:57] INFO: AI response: 51386 prompt + 2877 response tokens (total: 2122689 / 37928)
[02:57:57] [after +2877] [Context: 61109/131072 (46.6%)]
[02:57:57] [iter 6] [Context: 61109/131072 (46.6%)]
[02:57:57] INFO: AI request (iteration 6, msgs=203)
[02:57:59] INFO: AI response: 54270 prompt + 45 response tokens (total: 2176959 / 37973)
[02:57:59] [after +45] [Context: 61148/131072 (46.7%)]
[02:57:59] [iter 7] [Context: 61148/131072 (46.7%)]
[02:57:59] INFO: AI request (iteration 7, msgs=205)
[02:58:00] INFO: AI response: 54319 prompt + 54 response tokens (total: 2231278 / 38027)
[02:58:00] [after +54] [Context: 61248/131072 (46.7%)]
[02:58:00] [iter 8] [Context: 61248/131072 (46.7%)]
[02:58:00] INFO: AI request (iteration 8, msgs=207)
[02:58:04] INFO: AI response: 54434 prompt + 227 response tokens (total: 2285712 / 38254)
[02:58:04] [after +227] [Context: 61652/131072 (47.0%)]
[02:58:04] [iter 9] [Context: 61652/131072 (47.0%)]
[02:58:04] INFO: AI request (iteration 9, msgs=209)
[02:58:06] INFO: AI response: 54842 prompt + 23 response tokens (total: 2340554 / 38277)
[02:58:06] [after +23] [Context: 61851/131072 (47.2%)]
[02:58:06] [iter 10] [Context: 61851/131072 (47.2%)]
[02:58:06] INFO: AI request (iteration 10, msgs=212)
[02:58:28] INFO: AI response: 55027 prompt + 3222 response tokens (total: 2395581 / 41499)
[02:58:28] [after +3222] [Context: 65584/131072 (50.0%)]
[02:58:28] Auto-continue: AI round 9/50 — task 8/10: Create gmd/cli/commit.py for git submodule operations. Auto-...
[02:58:28] [Context: 65677/131072 (50.1%)]
[02:58:28] [iter 1] [Context: 65677/131072 (50.1%)]
[02:58:28] INFO: AI request (iteration 1, msgs=215)
[02:58:31] INFO: AI response: 58261 prompt + 60 response tokens (total: 2453842 / 41559)
[02:58:31] [after +60] [Context: 65716/131072 (50.1%)]
[02:58:31] [iter 2] [Context: 65716/131072 (50.1%)]
[02:58:31] INFO: AI request (iteration 2, msgs=217)
[02:58:33] INFO: AI response: 58310 prompt + 34 response tokens (total: 2512152 / 41593)
[02:58:33] [after +34] [Context: 65842/131072 (50.2%)]
[02:58:33] [iter 3] [Context: 65842/131072 (50.2%)]
[02:58:33] INFO: AI request (iteration 3, msgs=219)
[02:58:35] INFO: AI response: 58493 prompt + 62 response tokens (total: 2570645 / 41655)
[02:58:35] [after +62] [Context: 65952/131072 (50.3%)]
[02:58:35] [iter 4] [Context: 65952/131072 (50.3%)]
[02:58:35] INFO: AI request (iteration 4, msgs=221)
[02:58:37] INFO: AI response: 58701 prompt + 43 response tokens (total: 2629346 / 41698)
[02:58:37] [after +43] [Context: 66051/131072 (50.4%)]
[02:58:37] [iter 5] [Context: 66051/131072 (50.4%)]
[02:58:37] INFO: AI request (iteration 5, msgs=223)
[02:58:40] INFO: AI response: 58813 prompt + 213 response tokens (total: 2688159 / 41911)
[02:58:40] [after +213] [Context: 66478/131072 (50.7%)]
[02:58:40] [iter 6] [Context: 66478/131072 (50.7%)]
[02:58:40] INFO: AI request (iteration 6, msgs=225)
[02:58:42] INFO: AI response: 59213 prompt + 23 response tokens (total: 2747372 / 41934)
[02:58:42] [after +23] [Context: 66638/131072 (50.8%)]
[02:58:42] [iter 7] [Context: 66638/131072 (50.8%)]
[02:58:42] INFO: AI request (iteration 7, msgs=228)
[02:58:45] INFO: AI response: 59350 prompt + 61 response tokens (total: 2806722 / 41995)
[02:58:45] [after +61] [Context: 66726/131072 (50.9%)]
[02:58:45] [iter 8] [Context: 66726/131072 (50.9%)]
[02:58:45] INFO: AI request (iteration 8, msgs=230)
[02:58:47] INFO: AI response: 59441 prompt + 63 response tokens (total: 2866163 / 42058)
[02:58:47] [after +63] [Context: 66815/131072 (51.0%)]
[02:58:47] [iter 9] [Context: 66815/131072 (51.0%)]
[02:58:47] INFO: AI request (iteration 9, msgs=232)
[02:58:50] INFO: AI response: 59534 prompt + 130 response tokens (total: 2925697 / 42188)
[02:58:50] [after +130] [Context: 66926/131072 (51.1%)]
[02:58:50] [iter 10] [Context: 66926/131072 (51.1%)]
[02:58:50] INFO: AI request (iteration 10, msgs=234)
[02:58:53] INFO: AI response: 59651 prompt + 108 response tokens (total: 2985348 / 42296)
[02:58:53] [after +108] [Context: 67025/131072 (51.1%)]
[02:58:53] Auto-continue: AI round 10/50 — task 9/10: Create executable entry point scripts gmd-merge and gmd-comm...
[02:58:53] [Context: 67099/131072 (51.2%)]
[02:58:53] [iter 1] [Context: 67099/131072 (51.2%)]
[02:58:53] INFO: AI request (iteration 1, msgs=237)
[02:58:55] INFO: AI response: 59819 prompt + 87 response tokens (total: 3045167 / 42383)
[02:58:55] [after +87] [Context: 67155/131072 (51.2%)]
[02:58:55] [iter 2] [Context: 67155/131072 (51.2%)]
[02:58:55] INFO: AI request (iteration 2, msgs=239)
[02:58:57] INFO: AI response: 59903 prompt + 36 response tokens (total: 3105070 / 42419)
[02:58:57] [after +36] [Context: 67418/131072 (51.4%)]
[02:58:57] [iter 3] [Context: 67418/131072 (51.4%)]
[02:58:57] INFO: AI request (iteration 3, msgs=241)
[02:58:59] INFO: AI response: 60247 prompt + 72 response tokens (total: 3165317 / 42491)
[02:58:59] [after +72] [Context: 67495/131072 (51.5%)]
[02:58:59] [iter 4] [Context: 67495/131072 (51.5%)]
[02:58:59] INFO: AI request (iteration 4, msgs=243)
[02:59:01] INFO: AI response: 60381 prompt + 173 response tokens (total: 3225698 / 42664)
[02:59:01] [after +173] [Context: 67758/131072 (51.7%)]
[02:59:01] [iter 5] [Context: 67758/131072 (51.7%)]
[02:59:01] INFO: AI request (iteration 5, msgs=245)
[02:59:04] INFO: AI response: 60675 prompt + 28 response tokens (total: 3286373 / 42692)
[02:59:04] [after +28] [Context: 67895/131072 (51.8%)]
[02:59:04] [iter 6] [Context: 67895/131072 (51.8%)]
[02:59:04] INFO: AI request (iteration 6, msgs=248)
[02:59:18] INFO: AI response: 60774 prompt + 2449 response tokens (total: 3347147 / 45141)
[02:59:18] [after +2449] [Context: 70112/131072 (53.5%)]
[02:59:18] [iter 7] [Context: 70112/131072 (53.5%)]
[02:59:18] INFO: AI request (iteration 7, msgs=250)
[02:59:20] INFO: AI response: 63180 prompt + 35 response tokens (total: 3410327 / 45176)
[02:59:20] [after +35] [Context: 70206/131072 (53.6%)]
[02:59:20] [iter 8] [Context: 70206/131072 (53.6%)]
[02:59:20] INFO: AI request (iteration 8, msgs=252)
[02:59:23] INFO: AI response: 63288 prompt + 156 response tokens (total: 3473615 / 45332)
[02:59:23] [after +156] [Context: 70547/131072 (53.8%)]
[02:59:23] [iter 9] [Context: 70547/131072 (53.8%)]
[02:59:23] INFO: AI request (iteration 9, msgs=254)
[02:59:25] INFO: AI response: 63566 prompt + 34 response tokens (total: 3537181 / 45366)
[02:59:25] [after +34] [Context: 70580/131072 (53.8%)]
[02:59:25] [iter 10] [Context: 70580/131072 (53.8%)]
[02:59:25] INFO: AI request (iteration 10, msgs=256)
[02:59:27] INFO: AI response: 63595 prompt + 19 response tokens (total: 3600776 / 45385)
[02:59:27] [after +19] [Context: 70612/131072 (53.9%)]
[02:59:27] You: 
[02:59:42] You: 
